 90 derajat
 95 derajat
 90 derajat
 95 derajat
 90 derajat
 95 derajat
 90 derajat
 95 derajat
 90 derajat
 95 derajat
 90 derajat
 95 derajat
 90 derajat
 95 derajat
 90 derajat
 95 derajat
 90 derajat
 95 derajat
 90 derajat
 95 derajat
 90 derajat
 95 derajat
 90 derajat
 95 derajat
 90 derajat
 95 derajat
 90 derajat
 95 derajat
 90 derajat
 95 derajat
 90 derajat
 95 derajat
 90 derajat
 95 derajat
 90 derajat
 95 derajat
 90 derajat
 95 derajat
 90 derajat
 95 derajat
 90 derajat
 95 derajat
 90 derajat
 95 derajat
 90 derajat
 95 derajat
 90 derajat
 95 derajat
 90 derajat
 95 derajat
 90 derajat
 95 derajat
 90 derajat
 95 derajat
 90 derajat
 95 derajat
 90 derajat
 95 derajat
 90 derajat
 95 derajat
 90 derajat
 95 derajat
 90 derajat
 95 derajat
 90 derajat
 95 derajat
 90 derajat
 95 derajat
 90 derajat
 95 derajat
 90 derajat
 95 derajat
 90 derajat
 95 derajat
 90 derajat
 95 derajat
 90 derajat
 95 derajat
 90 derajat
 95 derajat
 90 derajat
 95 derajat
 90 derajat
 95 derajat
 90 derajat
 95 derajat
 90 derajat
 95 derajat
 90 derajat
 95 derajat
 90 derajat
 95 derajat
 90 derajat
 95 derajat
 90 derajat
 95 derajat
 90 derajat
 95 derajat
 90 derajat
 90 derajat
 95 derajat
 90 derajat
 95 derajat
 90 derajat
 95 derajat
 90 derajat
 95 derajat
 90 derajat
