 90 derajat
 90 derajat
 90 derajat
 90 derajat
 90 derajat
 90 derajat
 90 derajat
 90 derajat
 90 derajat
 90 derajat
 90 derajat
 90 derajat
 90 derajat
 90 derajat
 90 derajat
 90 derajat
 90 derajat
 90 derajat
 90 derajat
 90 derajat
 90 derajat
 90 derajat
 90 derajat
 90 derajat
 90 derajat
 90 derajat
 90 derajat
 90 derajat
 90 derajat
 90 derajat
 90 derajat
 90 derajat
 90 derajat
 90 derajat
 90 derajat
 90 derajat
 90 derajat
 90 derajat
 90 derajat
 90 derajat
 90 derajat
 90 derajat
 90 derajat
 90 derajat
 90 derajat
 90 derajat
 90 derajat
 90 derajat
 90 derajat
 90 derajat
 90 derajat
 90 derajat
 90 derajat
 90 derajat
 90 derajat
 90 derajat
 90 derajat
 90 derajat
 90 derajat
 90 derajat
 90 derajat
 90 derajat
 90 derajat
 90 derajat
 90 derajat
 90 derajat
 90 derajat
 90 derajat
 90 derajat
 90 derajat
 90 derajat
 90 derajat
 90 derajat
 90 derajat
 90 derajat
 90 derajat
 90 derajat
 90 derajat
 90 derajat
 90 derajat
 90 derajat
 90 derajat
 90 derajat
 90 derajat
 90 derajat
 90 derajat
 90 derajat
 90 derajat
