Inisialisasi PCA9685
Controller berhasil dikonfigurasi.
DualShock Controller terdeteksi
Square dilepas - semua servo ke 90
X berubah - semua servo ke 0
X berubah - semua servo ke 0
Circle ditekan - semua servo ke 180
Square dilepas - semua servo ke 90
Square dilepas - semua servo ke 90
X berubah - semua servo ke 0
X berubah - semua servo ke 0
Square dilepas - semua servo ke 90
Circle ditekan - semua servo ke 180
Up tekan: 255
Up tekan: 255
Up tekan: 255
Up tekan: 202
Up tekan: 0
Square dilepas - semua servo ke 90
Square dilepas - semua servo ke 90
